<?xml version="1.0" encoding="UTF-8"?>
<testng-results skipped="0" failed="0" ignored="0" total="1" passed="1">
  <reporter-output>
  </reporter-output>
  <suite name="Surefire suite" duration-ms="8261" started-at="2020-04-05T11:15:22 CEST" finished-at="2020-04-05T11:15:30 CEST">
    <groups>
    </groups>
    <test name="Surefire test" duration-ms="8261" started-at="2020-04-05T11:15:22 CEST" finished-at="2020-04-05T11:15:30 CEST">
      <class name="TestOfTestForTest">
        <test-method status="PASS" signature="testForTestXD()[pri:0, instance:TestOfTestForTest@643b1d11]" name="testForTestXD" duration-ms="8234" started-at="2020-04-05T11:15:22 CEST" finished-at="2020-04-05T11:15:30 CEST">
          <reporter-output>
          </reporter-output>
        </test-method> <!-- testForTestXD -->
      </class> <!-- TestOfTestForTest -->
    </test> <!-- Surefire test -->
  </suite> <!-- Surefire suite -->
</testng-results>
